<?xml version="1.0" encoding="UTF-8"?>
<coverage generated="1778284512229" clover="3.2.0">
  <project timestamp="1778284512229" name="All files">
    <metrics statements="7" coveredstatements="7" conditionals="2" coveredconditionals="2" methods="4" coveredmethods="4" elements="13" coveredelements="13" complexity="0" loc="7" ncloc="7" packages="1" files="1" classes="1"/>
    <file name="ErrorBoundary.tsx" path="D:\RSS\rs-react-app\src\components\ErrorBoundary.tsx">
      <metrics statements="7" coveredstatements="7" conditionals="2" coveredconditionals="2" methods="4" coveredmethods="4"/>
      <line num="7" count="6" type="stmt"/>
      <line num="10" count="6" type="stmt"/>
      <line num="14" count="3" type="stmt"/>
      <line num="18" count="12" type="cond" truecount="2" falsecount="0"/>
      <line num="19" count="6" type="stmt"/>
      <line num="26" count="1" type="stmt"/>
      <line num="33" count="6" type="stmt"/>
    </file>
  </project>
</coverage>
