{"D:\\RSS\\rs-react-app\\src\\components\\ErrorBoundary.tsx": {"path":"D:\\RSS\\rs-react-app\\src\\components\\ErrorBoundary.tsx","statementMap":{"0":{"start":{"line":7,"column":17},"end":{"line":7,"column":35}},"1":{"start":{"line":10,"column":4},"end":{"line":10,"column":null}},"2":{"start":{"line":14,"column":4},"end":{"line":14,"column":null}},"3":{"start":{"line":18,"column":4},"end":{"line":29,"column":null}},"4":{"start":{"line":19,"column":6},"end":{"line":29,"column":null}},"5":{"start":{"line":26,"column":27},"end":{"line":26,"column":51}},"6":{"start":{"line":33,"column":4},"end":{"line":33,"column":null}}},"fnMap":{"0":{"name":"(anonymous_0)","decl":{"start":{"line":9,"column":9},"end":{"line":9,"column":43}},"loc":{"start":{"line":9,"column":43},"end":{"line":10,"column":null}},"line":9},"1":{"name":"(anonymous_1)","decl":{"start":{"line":13,"column":2},"end":{"line":13,"column":20}},"loc":{"start":{"line":13,"column":56},"end":{"line":14,"column":null}},"line":13},"2":{"name":"(anonymous_2)","decl":{"start":{"line":17,"column":2},"end":{"line":17,"column":11}},"loc":{"start":{"line":17,"column":11},"end":{"line":33,"column":null}},"line":17},"3":{"name":"(anonymous_3)","decl":{"start":{"line":26,"column":12},"end":{"line":26,"column":27}},"loc":{"start":{"line":26,"column":27},"end":{"line":26,"column":51}},"line":26}},"branchMap":{"0":{"loc":{"start":{"line":18,"column":4},"end":{"line":29,"column":null}},"type":"if","locations":[{"start":{"line":18,"column":4},"end":{"line":29,"column":null}},{"start":{},"end":{}}],"line":18}},"s":{"0":6,"1":6,"2":3,"3":12,"4":6,"5":1,"6":6},"f":{"0":1,"1":3,"2":12,"3":1},"b":{"0":[6,6]},"meta":{"lastBranch":1,"lastFunction":4,"lastStatement":7,"seen":{"s:7:17:7:35":0,"f:9:9:9:43":0,"s:10:4:10:Infinity":1,"f:13:2:13:20":1,"s:14:4:14:Infinity":2,"f:17:2:17:11":2,"b:18:4:29:Infinity:undefined:undefined:undefined:undefined":0,"s:18:4:29:Infinity":3,"s:19:6:29:Infinity":4,"f:26:12:26:27":3,"s:26:27:26:51":5,"s:33:4:33:Infinity":6}}}
}
